<?xml version="1.0" encoding="UTF-8"?>
<testng-results ignored="0" total="1" passed="1" failed="0" skipped="0">
  <reporter-output>
  </reporter-output>
  <suite started-at="2025-11-14T12:24:58 IST" name="Suite" finished-at="2025-11-14T12:24:58 IST" duration-ms="358">
    <groups>
    </groups>
    <test started-at="2025-11-14T12:24:58 IST" name="Test" finished-at="2025-11-14T12:24:58 IST" duration-ms="358">
      <class name="jenkins_maven_pack.jenkins_demo_class">
        <test-method signature="f()[pri:0, instance:jenkins_maven_pack.jenkins_demo_class@2812b107]" started-at="2025-11-14T12:24:58 IST" name="f" finished-at="2025-11-14T12:24:58 IST" duration-ms="145" status="PASS">
          <reporter-output>
          </reporter-output>
        </test-method> <!-- f -->
      </class> <!-- jenkins_maven_pack.jenkins_demo_class -->
    </test> <!-- Test -->
  </suite> <!-- Suite -->
</testng-results>
